-------------------------------------------------------------------------------
Test set: TestSuite
-------------------------------------------------------------------------------
Tests run: 1, Failures: 1, Errors: 0, Skipped: 0, Time elapsed: 18.04 s <<< FAILURE! - in TestSuite
googleSearch(Tests.SearchTest)  Time elapsed: 12.382 s  <<< FAILURE!
java.lang.AssertionError: expected [10] but found [9]
	at Tests.SearchTest.googleSearch(SearchTest.java:34)

